mode: set
github.com/andrii-stp/users-crud/router/router.go:16.74,41.2 12 0
github.com/andrii-stp/users-crud/router/router.go:43.98,44.70 1 0
github.com/andrii-stp/users-crud/router/router.go:44.70,45.21 1 0
github.com/andrii-stp/users-crud/router/router.go:45.21,52.4 2 0
github.com/andrii-stp/users-crud/router/router.go:54.3,60.13 2 0
github.com/andrii-stp/users-crud/router/validator.go:22.56,24.16 2 0
github.com/andrii-stp/users-crud/router/validator.go:24.16,26.3 1 0
github.com/andrii-stp/users-crud/router/validator.go:28.2,28.46 1 0
github.com/andrii-stp/users-crud/router/validator.go:28.46,34.52 4 0
github.com/andrii-stp/users-crud/router/validator.go:34.52,38.43 3 0
github.com/andrii-stp/users-crud/router/validator.go:38.43,40.5 1 0
github.com/andrii-stp/users-crud/router/validator.go:42.4,42.88 1 0
github.com/andrii-stp/users-crud/router/validator.go:45.3,45.80 1 0
github.com/andrii-stp/users-crud/router/validator.go:48.2,48.12 1 0
github.com/andrii-stp/users-crud/router/validator.go:51.57,53.71 2 0
github.com/andrii-stp/users-crud/router/validator.go:53.71,55.3 1 0
github.com/andrii-stp/users-crud/router/validator.go:57.2,57.14 1 0
github.com/andrii-stp/users-crud/docs/docs.go:34.13,36.2 1 0
github.com/andrii-stp/users-crud/main.go:21.13,26.16 4 0
github.com/andrii-stp/users-crud/main.go:26.16,29.3 2 0
github.com/andrii-stp/users-crud/main.go:31.2,32.16 2 0
github.com/andrii-stp/users-crud/main.go:32.16,35.3 2 0
github.com/andrii-stp/users-crud/main.go:37.2,37.42 1 0
github.com/andrii-stp/users-crud/main.go:37.42,40.3 2 0
github.com/andrii-stp/users-crud/main.go:42.2,47.42 4 0
github.com/andrii-stp/users-crud/main.go:47.42,49.3 1 0
github.com/andrii-stp/users-crud/storage/storage.go:11.53,16.16 3 0
github.com/andrii-stp/users-crud/storage/storage.go:16.16,18.3 1 0
github.com/andrii-stp/users-crud/storage/storage.go:20.2,20.34 1 0
github.com/andrii-stp/users-crud/storage/storage.go:20.34,22.3 1 0
github.com/andrii-stp/users-crud/storage/storage.go:24.2,24.16 1 0
github.com/andrii-stp/users-crud/storage/storage.go:27.31,40.43 2 0
github.com/andrii-stp/users-crud/storage/storage.go:40.43,42.3 1 0
github.com/andrii-stp/users-crud/storage/storage.go:44.2,44.12 1 0
github.com/andrii-stp/users-crud/storage/user.go:33.85,38.2 1 0
github.com/andrii-stp/users-crud/storage/user.go:40.82,44.16 3 0
github.com/andrii-stp/users-crud/storage/user.go:44.16,49.3 2 0
github.com/andrii-stp/users-crud/storage/user.go:51.2,55.18 3 0
github.com/andrii-stp/users-crud/storage/user.go:55.18,58.61 2 0
github.com/andrii-stp/users-crud/storage/user.go:58.61,60.4 1 0
github.com/andrii-stp/users-crud/storage/user.go:62.3,62.30 1 0
github.com/andrii-stp/users-crud/storage/user.go:65.2,65.35 1 0
github.com/andrii-stp/users-crud/storage/user.go:65.35,67.3 1 0
github.com/andrii-stp/users-crud/storage/user.go:69.2,69.19 1 0
github.com/andrii-stp/users-crud/storage/user.go:72.86,74.16 2 0
github.com/andrii-stp/users-crud/storage/user.go:74.16,76.3 1 0
github.com/andrii-stp/users-crud/storage/user.go:78.2,81.50 3 0
github.com/andrii-stp/users-crud/storage/user.go:81.50,83.3 1 0
github.com/andrii-stp/users-crud/storage/user.go:85.2,85.18 1 0
github.com/andrii-stp/users-crud/storage/user.go:85.18,87.3 1 0
github.com/andrii-stp/users-crud/storage/user.go:89.2,97.16 3 0
github.com/andrii-stp/users-crud/storage/user.go:97.16,99.3 1 0
github.com/andrii-stp/users-crud/storage/user.go:101.2,101.35 1 0
github.com/andrii-stp/users-crud/storage/user.go:101.35,103.3 1 0
github.com/andrii-stp/users-crud/storage/user.go:105.2,105.12 1 0
github.com/andrii-stp/users-crud/storage/user.go:108.96,110.16 2 0
github.com/andrii-stp/users-crud/storage/user.go:110.16,112.3 1 0
github.com/andrii-stp/users-crud/storage/user.go:114.2,120.50 4 0
github.com/andrii-stp/users-crud/storage/user.go:120.50,122.3 1 0
github.com/andrii-stp/users-crud/storage/user.go:124.2,124.21 1 0
github.com/andrii-stp/users-crud/storage/user.go:124.21,126.3 1 0
github.com/andrii-stp/users-crud/storage/user.go:129.2,130.50 2 0
github.com/andrii-stp/users-crud/storage/user.go:130.50,132.3 1 0
github.com/andrii-stp/users-crud/storage/user.go:134.2,134.53 1 0
github.com/andrii-stp/users-crud/storage/user.go:134.53,136.3 1 0
github.com/andrii-stp/users-crud/storage/user.go:138.2,151.16 3 0
github.com/andrii-stp/users-crud/storage/user.go:151.16,153.3 1 0
github.com/andrii-stp/users-crud/storage/user.go:155.2,155.35 1 0
github.com/andrii-stp/users-crud/storage/user.go:155.35,157.3 1 0
github.com/andrii-stp/users-crud/storage/user.go:159.2,159.12 1 0
github.com/andrii-stp/users-crud/storage/user.go:162.78,164.16 2 0
github.com/andrii-stp/users-crud/storage/user.go:164.16,166.3 1 0
github.com/andrii-stp/users-crud/storage/user.go:168.2,174.50 4 0
github.com/andrii-stp/users-crud/storage/user.go:174.50,176.3 1 0
github.com/andrii-stp/users-crud/storage/user.go:178.2,178.18 1 0
github.com/andrii-stp/users-crud/storage/user.go:178.18,180.3 1 0
github.com/andrii-stp/users-crud/storage/user.go:182.2,185.16 3 0
github.com/andrii-stp/users-crud/storage/user.go:185.16,187.3 1 0
github.com/andrii-stp/users-crud/storage/user.go:189.2,189.35 1 0
github.com/andrii-stp/users-crud/storage/user.go:189.35,191.3 1 0
github.com/andrii-stp/users-crud/storage/user.go:193.2,193.12 1 0
github.com/andrii-stp/users-crud/storage/user.go:196.78,205.16 4 0
github.com/andrii-stp/users-crud/storage/user.go:205.16,207.3 1 0
github.com/andrii-stp/users-crud/storage/user.go:209.2,209.19 1 0
github.com/andrii-stp/users-crud/storage/user.go:212.91,221.16 4 0
github.com/andrii-stp/users-crud/storage/user.go:221.16,223.3 1 0
github.com/andrii-stp/users-crud/storage/user.go:225.2,225.19 1 0
github.com/andrii-stp/users-crud/config/config.go:27.44,28.44 1 0
github.com/andrii-stp/users-crud/config/config.go:28.44,30.3 1 0
github.com/andrii-stp/users-crud/config/config.go:32.2,32.41 1 0
github.com/andrii-stp/users-crud/config/config.go:32.41,34.3 1 0
github.com/andrii-stp/users-crud/config/config.go:36.2,47.8 1 0
github.com/andrii-stp/users-crud/config/config.go:50.29,56.27 2 0
github.com/andrii-stp/users-crud/config/config.go:56.27,57.43 1 0
github.com/andrii-stp/users-crud/config/config.go:57.43,59.4 1 0
github.com/andrii-stp/users-crud/config/config.go:62.2,62.26 1 0
github.com/andrii-stp/users-crud/config/config.go:62.26,64.3 1 0
github.com/andrii-stp/users-crud/config/config.go:66.2,66.12 1 0
github.com/andrii-stp/users-crud/handler/user.go:17.69,19.2 1 0
github.com/andrii-stp/users-crud/handler/user.go:21.49,25.16 3 0
github.com/andrii-stp/users-crud/handler/user.go:25.16,29.3 2 0
github.com/andrii-stp/users-crud/handler/user.go:31.2,31.37 1 0
github.com/andrii-stp/users-crud/handler/user.go:34.51,38.38 3 0
github.com/andrii-stp/users-crud/handler/user.go:38.38,42.3 2 0
github.com/andrii-stp/users-crud/handler/user.go:44.2,44.41 1 0
github.com/andrii-stp/users-crud/handler/user.go:44.41,46.3 1 0
github.com/andrii-stp/users-crud/handler/user.go:48.2,48.74 1 0
github.com/andrii-stp/users-crud/handler/user.go:48.74,51.46 2 0
github.com/andrii-stp/users-crud/handler/user.go:51.46,53.4 1 0
github.com/andrii-stp/users-crud/handler/user.go:55.3,55.84 1 0
github.com/andrii-stp/users-crud/handler/user.go:58.2,58.41 1 0
github.com/andrii-stp/users-crud/handler/user.go:61.51,66.16 4 0
github.com/andrii-stp/users-crud/handler/user.go:66.16,70.3 2 0
github.com/andrii-stp/users-crud/handler/user.go:72.2,73.38 2 0
github.com/andrii-stp/users-crud/handler/user.go:73.38,77.3 2 0
github.com/andrii-stp/users-crud/handler/user.go:79.2,79.41 1 0
github.com/andrii-stp/users-crud/handler/user.go:79.41,81.3 1 0
github.com/andrii-stp/users-crud/handler/user.go:83.2,84.16 2 0
github.com/andrii-stp/users-crud/handler/user.go:84.16,87.46 2 0
github.com/andrii-stp/users-crud/handler/user.go:87.46,89.4 1 0
github.com/andrii-stp/users-crud/handler/user.go:91.3,91.46 1 0
github.com/andrii-stp/users-crud/handler/user.go:91.46,93.4 1 0
github.com/andrii-stp/users-crud/handler/user.go:95.3,95.84 1 0
github.com/andrii-stp/users-crud/handler/user.go:98.2,98.36 1 0
github.com/andrii-stp/users-crud/handler/user.go:114.51,119.16 4 0
github.com/andrii-stp/users-crud/handler/user.go:119.16,123.3 2 0
github.com/andrii-stp/users-crud/handler/user.go:125.2,125.71 1 0
github.com/andrii-stp/users-crud/handler/user.go:125.71,128.46 2 0
github.com/andrii-stp/users-crud/handler/user.go:128.46,130.4 1 0
github.com/andrii-stp/users-crud/handler/user.go:132.3,132.84 1 0
github.com/andrii-stp/users-crud/handler/user.go:135.2,135.42 1 0
github.com/andrii-stp/users-crud/config/config.go:27.44,28.44 1 1
github.com/andrii-stp/users-crud/config/config.go:28.44,30.3 1 1
github.com/andrii-stp/users-crud/config/config.go:32.2,32.41 1 1
github.com/andrii-stp/users-crud/config/config.go:32.41,34.3 1 0
github.com/andrii-stp/users-crud/config/config.go:36.2,47.8 1 1
github.com/andrii-stp/users-crud/config/config.go:50.29,56.27 2 1
github.com/andrii-stp/users-crud/config/config.go:56.27,57.43 1 1
github.com/andrii-stp/users-crud/config/config.go:57.43,59.4 1 0
github.com/andrii-stp/users-crud/config/config.go:62.2,62.26 1 1
github.com/andrii-stp/users-crud/config/config.go:62.26,64.3 1 0
github.com/andrii-stp/users-crud/config/config.go:66.2,66.12 1 1
github.com/andrii-stp/users-crud/config/config.go:27.44,28.44 1 1
github.com/andrii-stp/users-crud/config/config.go:28.44,30.3 1 1
github.com/andrii-stp/users-crud/config/config.go:32.2,32.41 1 1
github.com/andrii-stp/users-crud/config/config.go:32.41,34.3 1 0
github.com/andrii-stp/users-crud/config/config.go:36.2,47.8 1 1
github.com/andrii-stp/users-crud/config/config.go:50.29,56.27 2 1
github.com/andrii-stp/users-crud/config/config.go:56.27,57.43 1 1
github.com/andrii-stp/users-crud/config/config.go:57.43,59.4 1 0
github.com/andrii-stp/users-crud/config/config.go:62.2,62.26 1 1
github.com/andrii-stp/users-crud/config/config.go:62.26,64.3 1 0
github.com/andrii-stp/users-crud/config/config.go:66.2,66.12 1 1
github.com/andrii-stp/users-crud/handler/user.go:17.69,19.2 1 1
github.com/andrii-stp/users-crud/handler/user.go:21.49,25.16 3 1
github.com/andrii-stp/users-crud/handler/user.go:25.16,29.3 2 0
github.com/andrii-stp/users-crud/handler/user.go:31.2,31.37 1 1
github.com/andrii-stp/users-crud/handler/user.go:34.51,38.38 3 1
github.com/andrii-stp/users-crud/handler/user.go:38.38,42.3 2 0
github.com/andrii-stp/users-crud/handler/user.go:44.2,44.41 1 1
github.com/andrii-stp/users-crud/handler/user.go:44.41,46.3 1 1
github.com/andrii-stp/users-crud/handler/user.go:48.2,48.74 1 1
github.com/andrii-stp/users-crud/handler/user.go:48.74,51.46 2 0
github.com/andrii-stp/users-crud/handler/user.go:51.46,53.4 1 0
github.com/andrii-stp/users-crud/handler/user.go:55.3,55.84 1 0
github.com/andrii-stp/users-crud/handler/user.go:58.2,58.41 1 1
github.com/andrii-stp/users-crud/handler/user.go:61.51,66.16 4 1
github.com/andrii-stp/users-crud/handler/user.go:66.16,70.3 2 0
github.com/andrii-stp/users-crud/handler/user.go:72.2,73.38 2 1
github.com/andrii-stp/users-crud/handler/user.go:73.38,77.3 2 0
github.com/andrii-stp/users-crud/handler/user.go:79.2,79.41 1 1
github.com/andrii-stp/users-crud/handler/user.go:79.41,81.3 1 1
github.com/andrii-stp/users-crud/handler/user.go:83.2,84.16 2 1
github.com/andrii-stp/users-crud/handler/user.go:84.16,87.46 2 1
github.com/andrii-stp/users-crud/handler/user.go:87.46,89.4 1 1
github.com/andrii-stp/users-crud/handler/user.go:91.3,91.46 1 1
github.com/andrii-stp/users-crud/handler/user.go:91.46,93.4 1 1
github.com/andrii-stp/users-crud/handler/user.go:95.3,95.84 1 0
github.com/andrii-stp/users-crud/handler/user.go:98.2,98.36 1 1
github.com/andrii-stp/users-crud/handler/user.go:114.51,119.16 4 1
github.com/andrii-stp/users-crud/handler/user.go:119.16,123.3 2 1
github.com/andrii-stp/users-crud/handler/user.go:125.2,125.71 1 1
github.com/andrii-stp/users-crud/handler/user.go:125.71,128.46 2 0
github.com/andrii-stp/users-crud/handler/user.go:128.46,130.4 1 0
github.com/andrii-stp/users-crud/handler/user.go:132.3,132.84 1 0
github.com/andrii-stp/users-crud/handler/user.go:135.2,135.42 1 1
github.com/andrii-stp/users-crud/router/router.go:16.74,41.2 12 1
github.com/andrii-stp/users-crud/router/router.go:43.98,44.70 1 1
github.com/andrii-stp/users-crud/router/router.go:44.70,45.21 1 1
github.com/andrii-stp/users-crud/router/router.go:45.21,52.4 2 1
github.com/andrii-stp/users-crud/router/router.go:54.3,60.13 2 1
github.com/andrii-stp/users-crud/router/validator.go:22.56,24.16 2 1
github.com/andrii-stp/users-crud/router/validator.go:24.16,26.3 1 0
github.com/andrii-stp/users-crud/router/validator.go:28.2,28.46 1 1
github.com/andrii-stp/users-crud/router/validator.go:28.46,34.52 4 1
github.com/andrii-stp/users-crud/router/validator.go:34.52,38.43 3 1
github.com/andrii-stp/users-crud/router/validator.go:38.43,40.5 1 1
github.com/andrii-stp/users-crud/router/validator.go:42.4,42.88 1 1
github.com/andrii-stp/users-crud/router/validator.go:45.3,45.80 1 1
github.com/andrii-stp/users-crud/router/validator.go:48.2,48.12 1 1
github.com/andrii-stp/users-crud/router/validator.go:51.57,53.71 2 1
github.com/andrii-stp/users-crud/router/validator.go:53.71,55.3 1 1
github.com/andrii-stp/users-crud/router/validator.go:57.2,57.14 1 1
github.com/andrii-stp/users-crud/storage/storage.go:11.53,16.16 3 1
github.com/andrii-stp/users-crud/storage/storage.go:16.16,18.3 1 0
github.com/andrii-stp/users-crud/storage/storage.go:20.2,20.34 1 1
github.com/andrii-stp/users-crud/storage/storage.go:20.34,22.3 1 0
github.com/andrii-stp/users-crud/storage/storage.go:24.2,24.16 1 1
github.com/andrii-stp/users-crud/storage/storage.go:27.31,40.43 2 1
github.com/andrii-stp/users-crud/storage/storage.go:40.43,42.3 1 0
github.com/andrii-stp/users-crud/storage/storage.go:44.2,44.12 1 1
github.com/andrii-stp/users-crud/storage/user.go:33.85,38.2 1 1
github.com/andrii-stp/users-crud/storage/user.go:40.82,44.16 3 1
github.com/andrii-stp/users-crud/storage/user.go:44.16,49.3 2 0
github.com/andrii-stp/users-crud/storage/user.go:51.2,55.18 3 1
github.com/andrii-stp/users-crud/storage/user.go:55.18,58.61 2 1
github.com/andrii-stp/users-crud/storage/user.go:58.61,60.4 1 0
github.com/andrii-stp/users-crud/storage/user.go:62.3,62.30 1 1
github.com/andrii-stp/users-crud/storage/user.go:65.2,65.35 1 1
github.com/andrii-stp/users-crud/storage/user.go:65.35,67.3 1 0
github.com/andrii-stp/users-crud/storage/user.go:69.2,69.19 1 1
github.com/andrii-stp/users-crud/storage/user.go:72.86,74.16 2 1
github.com/andrii-stp/users-crud/storage/user.go:74.16,76.3 1 0
github.com/andrii-stp/users-crud/storage/user.go:78.2,81.50 3 1
github.com/andrii-stp/users-crud/storage/user.go:81.50,83.3 1 0
github.com/andrii-stp/users-crud/storage/user.go:85.2,85.18 1 1
github.com/andrii-stp/users-crud/storage/user.go:85.18,87.3 1 0
github.com/andrii-stp/users-crud/storage/user.go:89.2,97.16 3 1
github.com/andrii-stp/users-crud/storage/user.go:97.16,99.3 1 0
github.com/andrii-stp/users-crud/storage/user.go:101.2,101.35 1 1
github.com/andrii-stp/users-crud/storage/user.go:101.35,103.3 1 0
github.com/andrii-stp/users-crud/storage/user.go:105.2,105.12 1 1
github.com/andrii-stp/users-crud/storage/user.go:108.96,110.16 2 1
github.com/andrii-stp/users-crud/storage/user.go:110.16,112.3 1 0
github.com/andrii-stp/users-crud/storage/user.go:114.2,120.50 4 1
github.com/andrii-stp/users-crud/storage/user.go:120.50,122.3 1 0
github.com/andrii-stp/users-crud/storage/user.go:124.2,124.21 1 1
github.com/andrii-stp/users-crud/storage/user.go:124.21,126.3 1 1
github.com/andrii-stp/users-crud/storage/user.go:129.2,130.50 2 1
github.com/andrii-stp/users-crud/storage/user.go:130.50,132.3 1 0
github.com/andrii-stp/users-crud/storage/user.go:134.2,134.53 1 1
github.com/andrii-stp/users-crud/storage/user.go:134.53,136.3 1 1
github.com/andrii-stp/users-crud/storage/user.go:138.2,151.16 3 1
github.com/andrii-stp/users-crud/storage/user.go:151.16,153.3 1 0
github.com/andrii-stp/users-crud/storage/user.go:155.2,155.35 1 1
github.com/andrii-stp/users-crud/storage/user.go:155.35,157.3 1 0
github.com/andrii-stp/users-crud/storage/user.go:159.2,159.12 1 1
github.com/andrii-stp/users-crud/storage/user.go:162.78,164.16 2 1
github.com/andrii-stp/users-crud/storage/user.go:164.16,166.3 1 0
github.com/andrii-stp/users-crud/storage/user.go:168.2,174.50 4 1
github.com/andrii-stp/users-crud/storage/user.go:174.50,176.3 1 0
github.com/andrii-stp/users-crud/storage/user.go:178.2,178.18 1 1
github.com/andrii-stp/users-crud/storage/user.go:178.18,180.3 1 0
github.com/andrii-stp/users-crud/storage/user.go:182.2,185.16 3 1
github.com/andrii-stp/users-crud/storage/user.go:185.16,187.3 1 0
github.com/andrii-stp/users-crud/storage/user.go:189.2,189.35 1 1
github.com/andrii-stp/users-crud/storage/user.go:189.35,191.3 1 0
github.com/andrii-stp/users-crud/storage/user.go:193.2,193.12 1 1
github.com/andrii-stp/users-crud/storage/user.go:196.78,205.16 4 1
github.com/andrii-stp/users-crud/storage/user.go:205.16,207.3 1 1
github.com/andrii-stp/users-crud/storage/user.go:209.2,209.19 1 1
github.com/andrii-stp/users-crud/storage/user.go:212.91,221.16 4 1
github.com/andrii-stp/users-crud/storage/user.go:221.16,223.3 1 1
github.com/andrii-stp/users-crud/storage/user.go:225.2,225.19 1 1
